<?xml version="1.0" encoding="UTF-8"?>
<testsuite name="com.springdrools.example.springdrools.SpringDroolsApplicationTests" tests="1" skipped="0" failures="0" errors="0" timestamp="2018-09-03T12:02:07" hostname="Kanthis-MacBook-Pro.local" time="0.051">
  <properties/>
  <testcase name="contextLoads" classname="com.springdrools.example.springdrools.SpringDroolsApplicationTests" time="0.051"/>
  <system-out><![CDATA[08:02:05.329 [Test worker] DEBUG org.springframework.test.context.junit4.SpringJUnit4ClassRunner - SpringJUnit4ClassRunner constructor called with [class com.springdrools.example.springdrools.SpringDroolsApplicationTests]
08:02:05.337 [Test worker] DEBUG org.springframework.test.context.BootstrapUtils - Instantiating CacheAwareContextLoaderDelegate from class [org.springframework.test.context.cache.DefaultCacheAwareContextLoaderDelegate]
08:02:05.343 [Test worker] DEBUG org.springframework.test.context.BootstrapUtils - Instantiating BootstrapContext using constructor [public org.springframework.test.context.support.DefaultBootstrapContext(java.lang.Class,org.springframework.test.context.CacheAwareContextLoaderDelegate)]
08:02:05.361 [Test worker] DEBUG org.springframework.test.context.BootstrapUtils - Instantiating TestContextBootstrapper for test class [com.springdrools.example.springdrools.SpringDroolsApplicationTests] from class [org.springframework.boot.test.context.SpringBootTestContextBootstrapper]
08:02:05.370 [Test worker] INFO org.springframework.boot.test.context.SpringBootTestContextBootstrapper - Neither @ContextConfiguration nor @ContextHierarchy found for test class [com.springdrools.example.springdrools.SpringDroolsApplicationTests], using SpringBootContextLoader
08:02:05.372 [Test worker] DEBUG org.springframework.test.context.support.AbstractContextLoader - Did not detect default resource location for test class [com.springdrools.example.springdrools.SpringDroolsApplicationTests]: class path resource [com/springdrools/example/springdrools/SpringDroolsApplicationTests-context.xml] does not exist
08:02:05.373 [Test worker] DEBUG org.springframework.test.context.support.AbstractContextLoader - Did not detect default resource location for test class [com.springdrools.example.springdrools.SpringDroolsApplicationTests]: class path resource [com/springdrools/example/springdrools/SpringDroolsApplicationTestsContext.groovy] does not exist
08:02:05.373 [Test worker] INFO org.springframework.test.context.support.AbstractContextLoader - Could not detect default resource locations for test class [com.springdrools.example.springdrools.SpringDroolsApplicationTests]: no resource found for suffixes {-context.xml, Context.groovy}.
08:02:05.374 [Test worker] INFO org.springframework.test.context.support.AnnotationConfigContextLoaderUtils - Could not detect default configuration classes for test class [com.springdrools.example.springdrools.SpringDroolsApplicationTests]: SpringDroolsApplicationTests does not declare any static, non-private, non-final, nested classes annotated with @Configuration.
08:02:05.407 [Test worker] DEBUG org.springframework.test.context.support.ActiveProfilesUtils - Could not find an 'annotation declaring class' for annotation type [org.springframework.test.context.ActiveProfiles] and class [com.springdrools.example.springdrools.SpringDroolsApplicationTests]
08:02:05.412 [Test worker] DEBUG org.springframework.core.env.StandardEnvironment - Adding PropertySource 'systemProperties' with lowest search precedence
08:02:05.413 [Test worker] DEBUG org.springframework.core.env.StandardEnvironment - Adding PropertySource 'systemEnvironment' with lowest search precedence
08:02:05.413 [Test worker] DEBUG org.springframework.core.env.StandardEnvironment - Initialized StandardEnvironment with PropertySources [MapPropertySource@1704872951 {name='systemProperties', properties={gopherProxySet=false, awt.toolkit=sun.lwawt.macosx.LWCToolkit, java.specification.version=10, file.encoding.pkg=sun.io, sun.cpu.isalist=, sun.jnu.encoding=UTF-8, org.gradle.test.worker=1, java.class.path=/Users/kanthi.subramanian/.gradle/caches/4.9/workerMain/gradle-worker.jar:/Users/kanthi.subramanian/Documents/GITHUB/spring-boot-drools/build/classes/java/test:/Users/kanthi.subramanian/Documents/GITHUB/spring-boot-drools/build/resources/test:/Users/kanthi.subramanian/Documents/GITHUB/spring-boot-drools/build/classes/java/main:/Users/kanthi.subramanian/Documents/GITHUB/spring-boot-drools/build/resources/main:/Users/kanthi.subramanian/.gradle/caches/modules-2/files-2.1/org.springframework.boot/spring-boot-starter-webflux/2.0.4.RELEASE/a52fcd02fb6129e14f2b4b36acc5748368563c93/spring-boot-starter-webflux-2.0.4.RELEASE.jar:/Users/kanthi.subramanian/.gradle/caches/modules-2/files-2.1/org.springframework.boot/spring-boot-starter-test/2.0.4.RELEASE/8f473705d2742b669f0318f10a956f94a93ba3d2/spring-boot-starter-test-2.0.4.RELEASE.jar:/Users/kanthi.subramanian/.gradle/caches/modules-2/files-2.1/io.projectreactor/reactor-test/3.1.8.RELEASE/e9f798e2f85e322535068ebc33a0ed8b72a3fea2/reactor-test-3.1.8.RELEASE.jar:/Users/kanthi.subramanian/.gradle/caches/modules-2/files-2.1/org.springframework.boot/spring-boot-starter-json/2.0.4.RELEASE/c7afabf0d7c85db178da4ce0634e3bd2ddb0eb71/spring-boot-starter-json-2.0.4.RELEASE.jar:/Users/kanthi.subramanian/.gradle/caches/modules-2/files-2.1/org.springframework.boot/spring-boot-starter/2.0.4.RELEASE/ec46c63a2adeee40058eff1a6baefca13975dc94/spring-boot-starter-2.0.4.RELEASE.jar:/Users/kanthi.subramanian/.gradle/caches/modules-2/files-2.1/org.springframework.boot/spring-boot-starter-reactor-netty/2.0.4.RELEASE/ed4ac88f7fc699a9cbb6ee804a26e2e30239ca35/spring-boot-starter-reactor-netty-2.0.4.RELEASE.jar:/Users/kanthi.subramanian/.gradle/caches/modules-2/files-2.1/org.hibernate.validator/hibernate-validator/6.0.11.Final/36f9d10a11e4768f55e8fb91ebe4338a5c43954e/hibernate-validator-6.0.11.Final.jar:/Users/kanthi.subramanian/.gradle/caches/modules-2/files-2.1/org.springframework/spring-webflux/5.0.8.RELEASE/d16ce1cf6f95771e821619d6ef13c1f0333fafb/spring-webflux-5.0.8.RELEASE.jar:/Users/kanthi.subramanian/.gradle/caches/modules-2/files-2.1/org.springframework/spring-web/5.0.8.RELEASE/fa43cdadb4ab2491fd1d0ddb06c0808e4b60fc85/spring-web-5.0.8.RELEASE.jar:/Users/kanthi.subramanian/.gradle/caches/modules-2/files-2.1/org.synchronoss.cloud/nio-multipart-parser/1.1.0/c6c417fec6612584b1c34d4dd98c5a4e47e8c754/nio-multipart-parser-1.1.0.jar:/Users/kanthi.subramanian/.gradle/caches/modules-2/files-2.1/org.springframework.boot/spring-boot-test-autoconfigure/2.0.4.RELEASE/8a2e3f31e607fdb08deda2f59263ce177f1c4310/spring-boot-test-autoconfigure-2.0.4.RELEASE.jar:/Users/kanthi.subramanian/.gradle/caches/modules-2/files-2.1/org.springframework.boot/spring-boot-test/2.0.4.RELEASE/8a17fc3cf16b6d75f2ba132ade04409a670095de/spring-boot-test-2.0.4.RELEASE.jar:/Users/kanthi.subramanian/.gradle/caches/modules-2/files-2.1/com.jayway.jsonpath/json-path/2.4.0/765a4401ceb2dc8d40553c2075eb80a8fa35c2ae/json-path-2.4.0.jar:/Users/kanthi.subramanian/.gradle/caches/modules-2/files-2.1/junit/junit/4.12/2973d150c0dc1fefe998f834810d68f278ea58ec/junit-4.12.jar:/Users/kanthi.subramanian/.gradle/caches/modules-2/files-2.1/org.assertj/assertj-core/3.9.1/c5ce126b15f28d56cd8f960c1a6a058b9c9aea87/assertj-core-3.9.1.jar:/Users/kanthi.subramanian/.gradle/caches/modules-2/files-2.1/org.mockito/mockito-core/2.15.0/b84bfbbc29cd22c9529409627af6ea2897f4fa85/mockito-core-2.15.0.jar:/Users/kanthi.subramanian/.gradle/caches/modules-2/files-2.1/org.hamcrest/hamcrest-library/1.3/4785a3c21320980282f9f33d0d1264a69040538f/hamcrest-library-1.3.jar:/Users/kanthi.subramanian/.gradle/caches/modules-2/files-2.1/org.hamcrest/hamcrest-core/1.3/42a25dc3219429f0e5d060061f71acb49bf010a0/hamcrest-core-1.3.jar:/Users/kanthi.subramanian/.gradle/caches/modules-2/files-2.1/org.skyscreamer/jsonassert/1.5.0/6c9d5fe2f59da598d9aefc1cfc6528ff3cf32df3/jsonassert-1.5.0.jar:/Users/kanthi.subramanian/.gradle/caches/modules-2/files-2.1/org.springframework/spring-test/5.0.8.RELEASE/5782619373bd7e7b7d9106203c317b04bb613ebb/spring-test-5.0.8.RELEASE.jar:/Users/kanthi.subramanian/.gradle/caches/modules-2/files-2.1/org.springframework.boot/spring-boot-autoconfigure/2.0.4.RELEASE/65cd1244d606acc02ab7bfc47a203a3fe2400dda/spring-boot-autoconfigure-2.0.4.RELEASE.jar:/Users/kanthi.subramanian/.gradle/caches/modules-2/files-2.1/org.springframework.boot/spring-boot/2.0.4.RELEASE/c8619c5b06d4dcdb4cac1e5e9c839e6e8b1c8574/spring-boot-2.0.4.RELEASE.jar:/Users/kanthi.subramanian/.gradle/caches/modules-2/files-2.1/org.springframework/spring-context/5.0.8.RELEASE/3a067d8990761111c9b6d1d895640be26cc1fb38/spring-context-5.0.8.RELEASE.jar:/Users/kanthi.subramanian/.gradle/caches/modules-2/files-2.1/org.springframework/spring-aop/5.0.8.RELEASE/f5086c1a3185c481104511837427b39a07a57aa2/spring-aop-5.0.8.RELEASE.jar:/Users/kanthi.subramanian/.gradle/caches/modules-2/files-2.1/org.springframework/spring-beans/5.0.8.RELEASE/5fc965d3e7f5515099244857a8ae9e2a208c169b/spring-beans-5.0.8.RELEASE.jar:/Users/kanthi.subramanian/.gradle/caches/modules-2/files-2.1/org.springframework/spring-expression/5.0.8.RELEASE/f23158f22c917df2cddf2ecebc398a9e95f95fae/spring-expression-5.0.8.RELEASE.jar:/Users/kanthi.subramanian/.gradle/caches/modules-2/files-2.1/org.springframework/spring-core/5.0.8.RELEASE/dc39c49e3246cdf73d3786ac41119140aed3fa08/spring-core-5.0.8.RELEASE.jar:/Users/kanthi.subramanian/.gradle/caches/modules-2/files-2.1/org.xmlunit/xmlunit-core/2.5.1/4ffdb346572a7356f7521cd3119ce5287d2e339d/xmlunit-core-2.5.1.jar:/Users/kanthi.subramanian/.gradle/caches/modules-2/files-2.1/io.projectreactor.ipc/reactor-netty/0.7.8.RELEASE/fe25c7d3042b6005690f7d243cef987b696a12ee/reactor-netty-0.7.8.RELEASE.jar:/Users/kanthi.subramanian/.gradle/caches/modules-2/files-2.1/io.projectreactor/reactor-core/3.1.8.RELEASE/3bcc30f9161d3d17abe44b4aa20e397e5170566e/reactor-core-3.1.8.RELEASE.jar:/Users/kanthi.subramanian/.gradle/caches/modules-2/files-2.1/org.springframework.boot/spring-boot-starter-logging/2.0.4.RELEASE/dcd1a2c431c970f44adae64d9145133979a513ab/spring-boot-starter-logging-2.0.4.RELEASE.jar:/Users/kanthi.subramanian/.gradle/caches/modules-2/files-2.1/javax.annotation/javax.annotation-api/1.3.2/934c04d3cfef185a8008e7bf34331b79730a9d43/javax.annotation-api-1.3.2.jar:/Users/kanthi.subramanian/.gradle/caches/modules-2/files-2.1/org.yaml/snakeyaml/1.19/2d998d3d674b172a588e54ab619854d073f555b5/snakeyaml-1.19.jar:/Users/kanthi.subramanian/.gradle/caches/modules-2/files-2.1/com.fasterxml.jackson.datatype/jackson-datatype-jdk8/2.9.6/456895fc91bf7180b216fead220373e6278230c9/jackson-datatype-jdk8-2.9.6.jar:/Users/kanthi.subramanian/.gradle/caches/modules-2/files-2.1/com.fasterxml.jackson.datatype/jackson-datatype-jsr310/2.9.6/ea54f6193d224e5e5732bbd4262327eb465397c2/jackson-datatype-jsr310-2.9.6.jar:/Users/kanthi.subramanian/.gradle/caches/modules-2/files-2.1/com.fasterxml.jackson.module/jackson-module-parameter-names/2.9.6/129acd77a4b6ee30d62d3a0899b1344c8ec2bff8/jackson-module-parameter-names-2.9.6.jar:/Users/kanthi.subramanian/.gradle/caches/modules-2/files-2.1/com.fasterxml.jackson.core/jackson-databind/2.9.6/cfa4f316351a91bfd95cb0644c6a2c95f52db1fc/jackson-databind-2.9.6.jar:/Users/kanthi.subramanian/.gradle/caches/modules-2/files-2.1/javax.validation/validation-api/2.0.1.Final/cb855558e6271b1b32e716d24cb85c7f583ce09e/validation-api-2.0.1.Final.jar:/Users/kanthi.subramanian/.gradle/caches/modules-2/files-2.1/org.jboss.logging/jboss-logging/3.3.2.Final/3789d00e859632e6c6206adc0c71625559e6e3b0/jboss-logging-3.3.2.Final.jar:/Users/kanthi.subramanian/.gradle/caches/modules-2/files-2.1/com.fasterxml/classmate/1.3.4/3d5f48f10bbe4eb7bd862f10c0583be2e0053c6/classmate-1.3.4.jar:/Users/kanthi.subramanian/.gradle/caches/modules-2/files-2.1/org.synchronoss.cloud/nio-stream-storage/1.1.3/986dba5f6e5eed20f0dba6ddc8e8a64a9ebdc2f3/nio-stream-storage-1.1.3.jar:/Users/kanthi.subramanian/.gradle/caches/modules-2/files-2.1/ch.qos.logback/logback-classic/1.2.3/7c4f3c474fb2c041d8028740440937705ebb473a/logback-classic-1.2.3.jar:/Users/kanthi.subramanian/.gradle/caches/modules-2/files-2.1/org.apache.logging.log4j/log4j-to-slf4j/2.10.0/f7e631ccf49cfc0aefa4a2a728da7d374c05bd3c/log4j-to-slf4j-2.10.0.jar:/Users/kanthi.subramanian/.gradle/caches/modules-2/files-2.1/org.slf4j/jul-to-slf4j/1.7.25/af5364cd6679bfffb114f0dec8a157aaa283b76/jul-to-slf4j-1.7.25.jar:/Users/kanthi.subramanian/.gradle/caches/modules-2/files-2.1/org.slf4j/slf4j-api/1.7.25/da76ca59f6a57ee3102f8f9bd9cee742973efa8a/slf4j-api-1.7.25.jar:/Users/kanthi.subramanian/.gradle/caches/modules-2/files-2.1/net.minidev/json-smart/2.3/7396407491352ce4fa30de92efb158adb76b5b/json-smart-2.3.jar:/Users/kanthi.subramanian/.gradle/caches/modules-2/files-2.1/net.bytebuddy/byte-buddy/1.7.11/f02857a4e2c66ccbe7aaad6100a0a6c461bce9b3/byte-buddy-1.7.11.jar:/Users/kanthi.subramanian/.gradle/caches/modules-2/files-2.1/net.bytebuddy/byte-buddy-agent/1.7.11/b425a8933ca07edd03c6dbc8bc3b595fba9780de/byte-buddy-agent-1.7.11.jar:/Users/kanthi.subramanian/.gradle/caches/modules-2/files-2.1/org.objenesis/objenesis/2.6/639033469776fd37c08358c6b92a4761feb2af4b/objenesis-2.6.jar:/Users/kanthi.subramanian/.gradle/caches/modules-2/files-2.1/com.vaadin.external.google/android-json/0.0.20131108.vaadin1/fa26d351fe62a6a17f5cda1287c1c6110dec413f/android-json-0.0.20131108.vaadin1.jar:/Users/kanthi.subramanian/.gradle/caches/modules-2/files-2.1/org.springframework/spring-jcl/5.0.8.RELEASE/a1fa8fb560fb252321776e16bc9ac8201af4ef5e/spring-jcl-5.0.8.RELEASE.jar:/Users/kanthi.subramanian/.gradle/caches/modules-2/files-2.1/org.reactivestreams/reactive-streams/1.0.2/323964c36556eb0e6209f65c1cef72b53b461ab8/reactive-streams-1.0.2.jar:/Users/kanthi.subramanian/.gradle/caches/modules-2/files-2.1/com.fasterxml.jackson.core/jackson-annotations/2.9.0/7c10d545325e3a6e72e06381afe469fd40eb701/jackson-annotations-2.9.0.jar:/Users/kanthi.subramanian/.gradle/caches/modules-2/files-2.1/com.fasterxml.jackson.core/jackson-core/2.9.6/4e393793c37c77e042ccc7be5a914ae39251b365/jackson-core-2.9.6.jar:/Users/kanthi.subramanian/.gradle/caches/modules-2/files-2.1/io.netty/netty-handler-proxy/4.1.27.Final/1a822ce7760bc6eb4937b7e448c9e081fedcc807/netty-handler-proxy-4.1.27.Final.jar:/Users/kanthi.subramanian/.gradle/caches/modules-2/files-2.1/io.netty/netty-codec-http/4.1.27.Final/a1722d6bcbbef1c4c7877e8bf38b07a3db5ed07f/netty-codec-http-4.1.27.Final.jar:/Users/kanthi.subramanian/.gradle/caches/modules-2/files-2.1/io.netty/netty-handler/4.1.27.Final/21bd9cf565390a8d72579b8664303e3c175dfc6a/netty-handler-4.1.27.Final.jar:/Users/kanthi.subramanian/.gradle/caches/modules-2/files-2.1/io.netty/netty-transport-native-epoll/4.1.27.Final/8c3a61a7dd53eafe2f0fe31356f1379598f74517/netty-transport-native-epoll-4.1.27.Final-linux-x86_64.jar:/Users/kanthi.subramanian/.gradle/caches/modules-2/files-2.1/net.minidev/accessors-smart/1.2/c592b500269bfde36096641b01238a8350f8aa31/accessors-smart-1.2.jar:/Users/kanthi.subramanian/.gradle/caches/modules-2/files-2.1/ch.qos.logback/logback-core/1.2.3/864344400c3d4d92dfeb0a305dc87d953677c03c/logback-core-1.2.3.jar:/Users/kanthi.subramanian/.gradle/caches/modules-2/files-2.1/org.apache.logging.log4j/log4j-api/2.10.0/fec5797a55b786184a537abd39c3fa1449d752d6/log4j-api-2.10.0.jar:/Users/kanthi.subramanian/.gradle/caches/modules-2/files-2.1/io.netty/netty-codec-socks/4.1.27.Final/285b09af98764cf02e4b77b3d95af188469a7133/netty-codec-socks-4.1.27.Final.jar:/Users/kanthi.subramanian/.gradle/caches/modules-2/files-2.1/io.netty/netty-codec/4.1.27.Final/d2653d78ebaa650064768fb26b10051f5c8efb2c/netty-codec-4.1.27.Final.jar:/Users/kanthi.subramanian/.gradle/caches/modules-2/files-2.1/io.netty/netty-transport-native-unix-common/4.1.27.Final/2b0667fe5c1df78c6cfbf9d53ad8b1fb533fb8e8/netty-transport-native-unix-common-4.1.27.Final.jar:/Users/kanthi.subramanian/.gradle/caches/modules-2/files-2.1/io.netty/netty-transport/4.1.27.Final/b5c2da3ea89dd67320925f1504c9eb3615241b7c/netty-transport-4.1.27.Final.jar:/Users/kanthi.subramanian/.gradle/caches/modules-2/files-2.1/io.netty/netty-buffer/4.1.27.Final/aafe2b9fb0d8f3b200cf10b9fd6486c6a722d7a1/netty-buffer-4.1.27.Final.jar:/Users/kanthi.subramanian/.gradle/caches/modules-2/files-2.1/io.netty/netty-resolver/4.1.27.Final/2536447ef9605ccb2b5203aa22392c6514484ea9/netty-resolver-4.1.27.Final.jar:/Users/kanthi.subramanian/.gradle/caches/modules-2/files-2.1/io.netty/netty-common/4.1.27.Final/6a12a969c27fb37b230c4bde5a67bd822fa6b7a4/netty-common-4.1.27.Final.jar:/Users/kanthi.subramanian/.gradle/caches/modules-2/files-2.1/org.ow2.asm/asm/5.0.4/da08b8cce7bbf903602a25a3a163ae252435795/asm-5.0.4.jar, java.vm.vendor="Oracle Corporation", sun.arch.data.model=64, user.variant=, java.vendor.url=http://java.oracle.com/, user.timezone=America/Toronto, os.name=Mac OS X, java.vm.specification.version=10, user.country=CA, sun.java.launcher=SUN_STANDARD, sun.boot.library.path=/Library/Java/JavaVirtualMachines/jdk-10.0.2.jdk/Contents/Home/lib, sun.java.command=worker.org.gradle.process.internal.worker.GradleWorkerMain 'Gradle Test Executor 1', http.nonProxyHosts=local|*.local|169.254/16|*.169.254/16, jdk.debug=release, sun.cpu.endian=little, user.home=/Users/kanthi.subramanian, user.language=en, java.specification.vendor=Oracle Corporation, org.gradle.native=false, java.version.date=2018-07-17, java.home=/Library/Java/JavaVirtualMachines/jdk-10.0.2.jdk/Contents/Home, file.separator=/, java.vm.compressedOopsMode=Zero based, line.separator=
, java.specification.name=Java Platform API Specification, java.vm.specification.vendor=Oracle Corporation, java.awt.graphicsenv=sun.awt.CGraphicsEnvironment, sun.management.compiler=HotSpot 64-Bit Tiered Compilers, ftp.nonProxyHosts=local|*.local|169.254/16|*.169.254/16, java.runtime.version=10.0.2+13, user.name=kanthi.subramanian, path.separator=:, os.version=10.11.6, java.runtime.name=Java(TM) SE Runtime Environment, file.encoding=UTF-8, java.vm.name=Java HotSpot(TM) 64-Bit Server VM, java.vendor.version=18.3, java.vendor.url.bug=http://bugreport.java.com/bugreport/, java.io.tmpdir=/var/folders/57/r17962md3mv0b4518c4fxwthmz04x4/T/, java.version=10.0.2, user.dir=/Users/kanthi.subramanian/Documents/GITHUB/spring-boot-drools, os.arch=x86_64, java.vm.specification.name=Java Virtual Machine Specification, java.awt.printerjob=sun.lwawt.macosx.CPrinterJob, sun.os.patch.level=unknown, java.library.path=/Users/kanthi.subramanian/Library/Java/Extensions:/Library/Java/Extensions:/Network/Library/Java/Extensions:/System/Library/Java/Extensions:/usr/lib/java:., java.vendor=Oracle Corporation, java.vm.info=mixed mode, java.vm.version=10.0.2+13, sun.io.unicode.encoding=UnicodeBig, java.class.version=54.0, socksNonProxyHosts=local|*.local|169.254/16|*.169.254/16}}, SystemEnvironmentPropertySource@423496868 {name='systemEnvironment', properties={PATH=/usr/local/bin:/usr/bin:/bin:/usr/sbin:/sbin:/usr/local/share/dotnet:/Library/Frameworks/Mono.framework/Versions/Current/Commands, JAVA_MAIN_CLASS_30060=org.gradle.launcher.GradleMain, NO_PROXY=192.168.99.100, DOCKER_HOST=tcp://192.168.99.100:2376, APP_ICON_30060=/usr/local/Cellar/gradle/4.9/libexec/media/gradle.icns, JAVA_HOME=/Library/Java/JavaVirtualMachines/jdk-10.0.2.jdk/Contents/Home, TERM=xterm-256color, LANG=en_CA.UTF-8, DOCKER_MACHINE_NAME=default, DOCKER_CERT_PATH=/Users/kanthi.subramanian/.docker/machine/machines/default, APP_NAME_30060=Gradle, LOGNAME=kanthi.subramanian, XPC_SERVICE_NAME=0, PWD=/Users/kanthi.subramanian/Downloads/spring-drools, TERM_PROGRAM_VERSION=361.2, JAVA_MAIN_CLASS_30075=org.gradle.launcher.daemon.bootstrap.GradleDaemon, SHELL=/bin/bash, TERM_PROGRAM=Apple_Terminal, SECURITYSESSIONID=186a7, OLDPWD=/usr/local/Cellar/gradle/4.9/libexec, USER=kanthi.subramanian, TMPDIR=/var/folders/57/r17962md3mv0b4518c4fxwthmz04x4/T/, SSH_AUTH_SOCK=/private/tmp/com.apple.launchd.yeT60oWRMU/Listeners, DOCKER_TLS_VERIFY=1, XPC_FLAGS=0x0, JAVA_MAIN_CLASS_30665=worker.org.gradle.process.internal.worker.GradleWorkerMain, TERM_SESSION_ID=C68CFE14-C47C-4F2C-8B2A-6E753BD01F56, __CF_USER_TEXT_ENCODING=0x29F013A4:0x0:0x0, Apple_PubSub_Socket_Render=/private/tmp/com.apple.launchd.w0Tz2zSFYK/Render, SHLVL=3, HOME=/Users/kanthi.subramanian}}]
08:02:05.424 [Test worker] DEBUG org.springframework.core.io.support.PathMatchingResourcePatternResolver - Resolved classpath location [com/springdrools/example/springdrools/] to resources [URL [file:/Users/kanthi.subramanian/Documents/GITHUB/spring-boot-drools/build/classes/java/test/com/springdrools/example/springdrools/], URL [file:/Users/kanthi.subramanian/Documents/GITHUB/spring-boot-drools/build/classes/java/main/com/springdrools/example/springdrools/]]
08:02:05.425 [Test worker] DEBUG org.springframework.core.io.support.PathMatchingResourcePatternResolver - Looking for matching resources in directory tree [/Users/kanthi.subramanian/Documents/GITHUB/spring-boot-drools/build/classes/java/test/com/springdrools/example/springdrools]
08:02:05.425 [Test worker] DEBUG org.springframework.core.io.support.PathMatchingResourcePatternResolver - Searching directory [/Users/kanthi.subramanian/Documents/GITHUB/spring-boot-drools/build/classes/java/test/com/springdrools/example/springdrools] for files matching pattern [/Users/kanthi.subramanian/Documents/GITHUB/spring-boot-drools/build/classes/java/test/com/springdrools/example/springdrools/*.class]
08:02:05.429 [Test worker] DEBUG org.springframework.core.io.support.PathMatchingResourcePatternResolver - Looking for matching resources in directory tree [/Users/kanthi.subramanian/Documents/GITHUB/spring-boot-drools/build/classes/java/main/com/springdrools/example/springdrools]
08:02:05.430 [Test worker] DEBUG org.springframework.core.io.support.PathMatchingResourcePatternResolver - Searching directory [/Users/kanthi.subramanian/Documents/GITHUB/spring-boot-drools/build/classes/java/main/com/springdrools/example/springdrools] for files matching pattern [/Users/kanthi.subramanian/Documents/GITHUB/spring-boot-drools/build/classes/java/main/com/springdrools/example/springdrools/*.class]
08:02:05.430 [Test worker] DEBUG org.springframework.core.io.support.PathMatchingResourcePatternResolver - Resolved location pattern [classpath*:com/springdrools/example/springdrools/*.class] to resources [file [/Users/kanthi.subramanian/Documents/GITHUB/spring-boot-drools/build/classes/java/test/com/springdrools/example/springdrools/SpringDroolsApplicationTests.class], file [/Users/kanthi.subramanian/Documents/GITHUB/spring-boot-drools/build/classes/java/main/com/springdrools/example/springdrools/SpringDroolsApplication.class]]
08:02:05.469 [Test worker] DEBUG org.springframework.context.annotation.ClassPathScanningCandidateComponentProvider - Identified candidate component class: file [/Users/kanthi.subramanian/Documents/GITHUB/spring-boot-drools/build/classes/java/main/com/springdrools/example/springdrools/SpringDroolsApplication.class]
08:02:05.470 [Test worker] INFO org.springframework.boot.test.context.SpringBootTestContextBootstrapper - Found @SpringBootConfiguration com.springdrools.example.springdrools.SpringDroolsApplication for test class com.springdrools.example.springdrools.SpringDroolsApplicationTests
08:02:05.563 [Test worker] DEBUG org.springframework.boot.test.context.SpringBootTestContextBootstrapper - @TestExecutionListeners is not present for class [com.springdrools.example.springdrools.SpringDroolsApplicationTests]: using defaults.
08:02:05.564 [Test worker] INFO org.springframework.boot.test.context.SpringBootTestContextBootstrapper - Loaded default TestExecutionListener class names from location [META-INF/spring.factories]: [org.springframework.boot.test.autoconfigure.restdocs.RestDocsTestExecutionListener, org.springframework.boot.test.autoconfigure.web.client.MockRestServiceServerResetTestExecutionListener, org.springframework.boot.test.autoconfigure.web.servlet.MockMvcPrintOnlyOnFailureTestExecutionListener, org.springframework.boot.test.autoconfigure.web.servlet.WebDriverTestExecutionListener, org.springframework.boot.test.mock.mockito.MockitoTestExecutionListener, org.springframework.boot.test.mock.mockito.ResetMocksTestExecutionListener, org.springframework.test.context.web.ServletTestExecutionListener, org.springframework.test.context.support.DirtiesContextBeforeModesTestExecutionListener, org.springframework.test.context.support.DependencyInjectionTestExecutionListener, org.springframework.test.context.support.DirtiesContextTestExecutionListener, org.springframework.test.context.transaction.TransactionalTestExecutionListener, org.springframework.test.context.jdbc.SqlScriptsTestExecutionListener]
08:02:05.569 [Test worker] DEBUG org.springframework.boot.test.context.SpringBootTestContextBootstrapper - Skipping candidate TestExecutionListener [org.springframework.test.context.web.ServletTestExecutionListener] due to a missing dependency. Specify custom listener classes or make the default listener classes and their required dependencies available. Offending class: [javax/servlet/ServletContext]
08:02:05.570 [Test worker] DEBUG org.springframework.boot.test.context.SpringBootTestContextBootstrapper - Skipping candidate TestExecutionListener [org.springframework.test.context.transaction.TransactionalTestExecutionListener] due to a missing dependency. Specify custom listener classes or make the default listener classes and their required dependencies available. Offending class: [org/springframework/transaction/interceptor/TransactionAttributeSource]
08:02:05.571 [Test worker] DEBUG org.springframework.boot.test.context.SpringBootTestContextBootstrapper - Skipping candidate TestExecutionListener [org.springframework.test.context.jdbc.SqlScriptsTestExecutionListener] due to a missing dependency. Specify custom listener classes or make the default listener classes and their required dependencies available. Offending class: [org/springframework/transaction/interceptor/TransactionAttribute]
08:02:05.571 [Test worker] INFO org.springframework.boot.test.context.SpringBootTestContextBootstrapper - Using TestExecutionListeners: [org.springframework.test.context.support.DirtiesContextBeforeModesTestExecutionListener@6f3e99a3, org.springframework.boot.test.mock.mockito.MockitoTestExecutionListener@55b6efdc, org.springframework.boot.test.autoconfigure.SpringBootDependencyInjectionTestExecutionListener@52e40823, org.springframework.test.context.support.DirtiesContextTestExecutionListener@71da5da5, org.springframework.boot.test.autoconfigure.restdocs.RestDocsTestExecutionListener@6a3231bc, org.springframework.boot.test.autoconfigure.web.client.MockRestServiceServerResetTestExecutionListener@898eb29, org.springframework.boot.test.autoconfigure.web.servlet.MockMvcPrintOnlyOnFailureTestExecutionListener@7acf4f09, org.springframework.boot.test.autoconfigure.web.servlet.WebDriverTestExecutionListener@59db0280, org.springframework.boot.test.mock.mockito.ResetMocksTestExecutionListener@221f67d6]
08:02:05.573 [Test worker] DEBUG org.springframework.test.annotation.ProfileValueUtils - Retrieved @ProfileValueSourceConfiguration [null] for test class [com.springdrools.example.springdrools.SpringDroolsApplicationTests]
08:02:05.573 [Test worker] DEBUG org.springframework.test.annotation.ProfileValueUtils - Retrieved ProfileValueSource type [class org.springframework.test.annotation.SystemProfileValueSource] for class [com.springdrools.example.springdrools.SpringDroolsApplicationTests]
08:02:05.574 [Test worker] DEBUG org.springframework.test.annotation.ProfileValueUtils - Retrieved @ProfileValueSourceConfiguration [null] for test class [com.springdrools.example.springdrools.SpringDroolsApplicationTests]
08:02:05.574 [Test worker] DEBUG org.springframework.test.annotation.ProfileValueUtils - Retrieved ProfileValueSource type [class org.springframework.test.annotation.SystemProfileValueSource] for class [com.springdrools.example.springdrools.SpringDroolsApplicationTests]
08:02:05.577 [Test worker] DEBUG org.springframework.test.context.support.AbstractDirtiesContextTestExecutionListener - Before test class: context [DefaultTestContext@60e8fc5a testClass = SpringDroolsApplicationTests, testInstance = [null], testMethod = [null], testException = [null], mergedContextConfiguration = [ReactiveWebMergedContextConfiguration@26fb72ce testClass = SpringDroolsApplicationTests, locations = '{}', classes = '{class com.springdrools.example.springdrools.SpringDroolsApplication}', contextInitializerClasses = '[]', activeProfiles = '{}', propertySourceLocations = '{}', propertySourceProperties = '{org.springframework.boot.test.context.SpringBootTestContextBootstrapper=true}', contextCustomizers = set[org.springframework.boot.test.autoconfigure.properties.PropertyMappingContextCustomizer@0, org.springframework.boot.test.autoconfigure.web.servlet.WebDriverContextCustomizerFactory$Customizer@17834787, org.springframework.boot.test.context.filter.ExcludeFilterContextCustomizer@26303bd8, org.springframework.boot.test.json.DuplicateJsonObjectContextCustomizerFactory$DuplicateJsonObjectContextCustomizer@2dcecca8, org.springframework.boot.test.mock.mockito.MockitoContextCustomizer@0, org.springframework.boot.test.web.client.TestRestTemplateContextCustomizer@71e7ffc8, org.springframework.boot.test.web.reactive.server.WebTestClientContextCustomizer@467a522c], contextLoader = 'org.springframework.boot.test.context.SpringBootContextLoader', parent = [null]], attributes = map[[empty]]], class annotated with @DirtiesContext [false] with mode [null].
08:02:05.578 [Test worker] DEBUG org.springframework.test.annotation.ProfileValueUtils - Retrieved @ProfileValueSourceConfiguration [null] for test class [com.springdrools.example.springdrools.SpringDroolsApplicationTests]
08:02:05.578 [Test worker] DEBUG org.springframework.test.annotation.ProfileValueUtils - Retrieved ProfileValueSource type [class org.springframework.test.annotation.SystemProfileValueSource] for class [com.springdrools.example.springdrools.SpringDroolsApplicationTests]
08:02:05.581 [Test worker] DEBUG org.springframework.test.context.support.DependencyInjectionTestExecutionListener - Performing dependency injection for test context [[DefaultTestContext@60e8fc5a testClass = SpringDroolsApplicationTests, testInstance = com.springdrools.example.springdrools.SpringDroolsApplicationTests@3f9c80d5, testMethod = [null], testException = [null], mergedContextConfiguration = [ReactiveWebMergedContextConfiguration@26fb72ce testClass = SpringDroolsApplicationTests, locations = '{}', classes = '{class com.springdrools.example.springdrools.SpringDroolsApplication}', contextInitializerClasses = '[]', activeProfiles = '{}', propertySourceLocations = '{}', propertySourceProperties = '{org.springframework.boot.test.context.SpringBootTestContextBootstrapper=true}', contextCustomizers = set[org.springframework.boot.test.autoconfigure.properties.PropertyMappingContextCustomizer@0, org.springframework.boot.test.autoconfigure.web.servlet.WebDriverContextCustomizerFactory$Customizer@17834787, org.springframework.boot.test.context.filter.ExcludeFilterContextCustomizer@26303bd8, org.springframework.boot.test.json.DuplicateJsonObjectContextCustomizerFactory$DuplicateJsonObjectContextCustomizer@2dcecca8, org.springframework.boot.test.mock.mockito.MockitoContextCustomizer@0, org.springframework.boot.test.web.client.TestRestTemplateContextCustomizer@71e7ffc8, org.springframework.boot.test.web.reactive.server.WebTestClientContextCustomizer@467a522c], contextLoader = 'org.springframework.boot.test.context.SpringBootContextLoader', parent = [null]], attributes = map[[empty]]]].
08:02:05.595 [Test worker] DEBUG org.springframework.core.env.StandardEnvironment - Adding PropertySource 'systemProperties' with lowest search precedence
08:02:05.596 [Test worker] DEBUG org.springframework.core.env.StandardEnvironment - Adding PropertySource 'systemEnvironment' with lowest search precedence
08:02:05.596 [Test worker] DEBUG org.springframework.core.env.StandardEnvironment - Initialized StandardEnvironment with PropertySources [MapPropertySource@849539864 {name='systemProperties', properties={gopherProxySet=false, awt.toolkit=sun.lwawt.macosx.LWCToolkit, java.specification.version=10, file.encoding.pkg=sun.io, sun.cpu.isalist=, sun.jnu.encoding=UTF-8, org.gradle.test.worker=1, java.class.path=/Users/kanthi.subramanian/.gradle/caches/4.9/workerMain/gradle-worker.jar:/Users/kanthi.subramanian/Documents/GITHUB/spring-boot-drools/build/classes/java/test:/Users/kanthi.subramanian/Documents/GITHUB/spring-boot-drools/build/resources/test:/Users/kanthi.subramanian/Documents/GITHUB/spring-boot-drools/build/classes/java/main:/Users/kanthi.subramanian/Documents/GITHUB/spring-boot-drools/build/resources/main:/Users/kanthi.subramanian/.gradle/caches/modules-2/files-2.1/org.springframework.boot/spring-boot-starter-webflux/2.0.4.RELEASE/a52fcd02fb6129e14f2b4b36acc5748368563c93/spring-boot-starter-webflux-2.0.4.RELEASE.jar:/Users/kanthi.subramanian/.gradle/caches/modules-2/files-2.1/org.springframework.boot/spring-boot-starter-test/2.0.4.RELEASE/8f473705d2742b669f0318f10a956f94a93ba3d2/spring-boot-starter-test-2.0.4.RELEASE.jar:/Users/kanthi.subramanian/.gradle/caches/modules-2/files-2.1/io.projectreactor/reactor-test/3.1.8.RELEASE/e9f798e2f85e322535068ebc33a0ed8b72a3fea2/reactor-test-3.1.8.RELEASE.jar:/Users/kanthi.subramanian/.gradle/caches/modules-2/files-2.1/org.springframework.boot/spring-boot-starter-json/2.0.4.RELEASE/c7afabf0d7c85db178da4ce0634e3bd2ddb0eb71/spring-boot-starter-json-2.0.4.RELEASE.jar:/Users/kanthi.subramanian/.gradle/caches/modules-2/files-2.1/org.springframework.boot/spring-boot-starter/2.0.4.RELEASE/ec46c63a2adeee40058eff1a6baefca13975dc94/spring-boot-starter-2.0.4.RELEASE.jar:/Users/kanthi.subramanian/.gradle/caches/modules-2/files-2.1/org.springframework.boot/spring-boot-starter-reactor-netty/2.0.4.RELEASE/ed4ac88f7fc699a9cbb6ee804a26e2e30239ca35/spring-boot-starter-reactor-netty-2.0.4.RELEASE.jar:/Users/kanthi.subramanian/.gradle/caches/modules-2/files-2.1/org.hibernate.validator/hibernate-validator/6.0.11.Final/36f9d10a11e4768f55e8fb91ebe4338a5c43954e/hibernate-validator-6.0.11.Final.jar:/Users/kanthi.subramanian/.gradle/caches/modules-2/files-2.1/org.springframework/spring-webflux/5.0.8.RELEASE/d16ce1cf6f95771e821619d6ef13c1f0333fafb/spring-webflux-5.0.8.RELEASE.jar:/Users/kanthi.subramanian/.gradle/caches/modules-2/files-2.1/org.springframework/spring-web/5.0.8.RELEASE/fa43cdadb4ab2491fd1d0ddb06c0808e4b60fc85/spring-web-5.0.8.RELEASE.jar:/Users/kanthi.subramanian/.gradle/caches/modules-2/files-2.1/org.synchronoss.cloud/nio-multipart-parser/1.1.0/c6c417fec6612584b1c34d4dd98c5a4e47e8c754/nio-multipart-parser-1.1.0.jar:/Users/kanthi.subramanian/.gradle/caches/modules-2/files-2.1/org.springframework.boot/spring-boot-test-autoconfigure/2.0.4.RELEASE/8a2e3f31e607fdb08deda2f59263ce177f1c4310/spring-boot-test-autoconfigure-2.0.4.RELEASE.jar:/Users/kanthi.subramanian/.gradle/caches/modules-2/files-2.1/org.springframework.boot/spring-boot-test/2.0.4.RELEASE/8a17fc3cf16b6d75f2ba132ade04409a670095de/spring-boot-test-2.0.4.RELEASE.jar:/Users/kanthi.subramanian/.gradle/caches/modules-2/files-2.1/com.jayway.jsonpath/json-path/2.4.0/765a4401ceb2dc8d40553c2075eb80a8fa35c2ae/json-path-2.4.0.jar:/Users/kanthi.subramanian/.gradle/caches/modules-2/files-2.1/junit/junit/4.12/2973d150c0dc1fefe998f834810d68f278ea58ec/junit-4.12.jar:/Users/kanthi.subramanian/.gradle/caches/modules-2/files-2.1/org.assertj/assertj-core/3.9.1/c5ce126b15f28d56cd8f960c1a6a058b9c9aea87/assertj-core-3.9.1.jar:/Users/kanthi.subramanian/.gradle/caches/modules-2/files-2.1/org.mockito/mockito-core/2.15.0/b84bfbbc29cd22c9529409627af6ea2897f4fa85/mockito-core-2.15.0.jar:/Users/kanthi.subramanian/.gradle/caches/modules-2/files-2.1/org.hamcrest/hamcrest-library/1.3/4785a3c21320980282f9f33d0d1264a69040538f/hamcrest-library-1.3.jar:/Users/kanthi.subramanian/.gradle/caches/modules-2/files-2.1/org.hamcrest/hamcrest-core/1.3/42a25dc3219429f0e5d060061f71acb49bf010a0/hamcrest-core-1.3.jar:/Users/kanthi.subramanian/.gradle/caches/modules-2/files-2.1/org.skyscreamer/jsonassert/1.5.0/6c9d5fe2f59da598d9aefc1cfc6528ff3cf32df3/jsonassert-1.5.0.jar:/Users/kanthi.subramanian/.gradle/caches/modules-2/files-2.1/org.springframework/spring-test/5.0.8.RELEASE/5782619373bd7e7b7d9106203c317b04bb613ebb/spring-test-5.0.8.RELEASE.jar:/Users/kanthi.subramanian/.gradle/caches/modules-2/files-2.1/org.springframework.boot/spring-boot-autoconfigure/2.0.4.RELEASE/65cd1244d606acc02ab7bfc47a203a3fe2400dda/spring-boot-autoconfigure-2.0.4.RELEASE.jar:/Users/kanthi.subramanian/.gradle/caches/modules-2/files-2.1/org.springframework.boot/spring-boot/2.0.4.RELEASE/c8619c5b06d4dcdb4cac1e5e9c839e6e8b1c8574/spring-boot-2.0.4.RELEASE.jar:/Users/kanthi.subramanian/.gradle/caches/modules-2/files-2.1/org.springframework/spring-context/5.0.8.RELEASE/3a067d8990761111c9b6d1d895640be26cc1fb38/spring-context-5.0.8.RELEASE.jar:/Users/kanthi.subramanian/.gradle/caches/modules-2/files-2.1/org.springframework/spring-aop/5.0.8.RELEASE/f5086c1a3185c481104511837427b39a07a57aa2/spring-aop-5.0.8.RELEASE.jar:/Users/kanthi.subramanian/.gradle/caches/modules-2/files-2.1/org.springframework/spring-beans/5.0.8.RELEASE/5fc965d3e7f5515099244857a8ae9e2a208c169b/spring-beans-5.0.8.RELEASE.jar:/Users/kanthi.subramanian/.gradle/caches/modules-2/files-2.1/org.springframework/spring-expression/5.0.8.RELEASE/f23158f22c917df2cddf2ecebc398a9e95f95fae/spring-expression-5.0.8.RELEASE.jar:/Users/kanthi.subramanian/.gradle/caches/modules-2/files-2.1/org.springframework/spring-core/5.0.8.RELEASE/dc39c49e3246cdf73d3786ac41119140aed3fa08/spring-core-5.0.8.RELEASE.jar:/Users/kanthi.subramanian/.gradle/caches/modules-2/files-2.1/org.xmlunit/xmlunit-core/2.5.1/4ffdb346572a7356f7521cd3119ce5287d2e339d/xmlunit-core-2.5.1.jar:/Users/kanthi.subramanian/.gradle/caches/modules-2/files-2.1/io.projectreactor.ipc/reactor-netty/0.7.8.RELEASE/fe25c7d3042b6005690f7d243cef987b696a12ee/reactor-netty-0.7.8.RELEASE.jar:/Users/kanthi.subramanian/.gradle/caches/modules-2/files-2.1/io.projectreactor/reactor-core/3.1.8.RELEASE/3bcc30f9161d3d17abe44b4aa20e397e5170566e/reactor-core-3.1.8.RELEASE.jar:/Users/kanthi.subramanian/.gradle/caches/modules-2/files-2.1/org.springframework.boot/spring-boot-starter-logging/2.0.4.RELEASE/dcd1a2c431c970f44adae64d9145133979a513ab/spring-boot-starter-logging-2.0.4.RELEASE.jar:/Users/kanthi.subramanian/.gradle/caches/modules-2/files-2.1/javax.annotation/javax.annotation-api/1.3.2/934c04d3cfef185a8008e7bf34331b79730a9d43/javax.annotation-api-1.3.2.jar:/Users/kanthi.subramanian/.gradle/caches/modules-2/files-2.1/org.yaml/snakeyaml/1.19/2d998d3d674b172a588e54ab619854d073f555b5/snakeyaml-1.19.jar:/Users/kanthi.subramanian/.gradle/caches/modules-2/files-2.1/com.fasterxml.jackson.datatype/jackson-datatype-jdk8/2.9.6/456895fc91bf7180b216fead220373e6278230c9/jackson-datatype-jdk8-2.9.6.jar:/Users/kanthi.subramanian/.gradle/caches/modules-2/files-2.1/com.fasterxml.jackson.datatype/jackson-datatype-jsr310/2.9.6/ea54f6193d224e5e5732bbd4262327eb465397c2/jackson-datatype-jsr310-2.9.6.jar:/Users/kanthi.subramanian/.gradle/caches/modules-2/files-2.1/com.fasterxml.jackson.module/jackson-module-parameter-names/2.9.6/129acd77a4b6ee30d62d3a0899b1344c8ec2bff8/jackson-module-parameter-names-2.9.6.jar:/Users/kanthi.subramanian/.gradle/caches/modules-2/files-2.1/com.fasterxml.jackson.core/jackson-databind/2.9.6/cfa4f316351a91bfd95cb0644c6a2c95f52db1fc/jackson-databind-2.9.6.jar:/Users/kanthi.subramanian/.gradle/caches/modules-2/files-2.1/javax.validation/validation-api/2.0.1.Final/cb855558e6271b1b32e716d24cb85c7f583ce09e/validation-api-2.0.1.Final.jar:/Users/kanthi.subramanian/.gradle/caches/modules-2/files-2.1/org.jboss.logging/jboss-logging/3.3.2.Final/3789d00e859632e6c6206adc0c71625559e6e3b0/jboss-logging-3.3.2.Final.jar:/Users/kanthi.subramanian/.gradle/caches/modules-2/files-2.1/com.fasterxml/classmate/1.3.4/3d5f48f10bbe4eb7bd862f10c0583be2e0053c6/classmate-1.3.4.jar:/Users/kanthi.subramanian/.gradle/caches/modules-2/files-2.1/org.synchronoss.cloud/nio-stream-storage/1.1.3/986dba5f6e5eed20f0dba6ddc8e8a64a9ebdc2f3/nio-stream-storage-1.1.3.jar:/Users/kanthi.subramanian/.gradle/caches/modules-2/files-2.1/ch.qos.logback/logback-classic/1.2.3/7c4f3c474fb2c041d8028740440937705ebb473a/logback-classic-1.2.3.jar:/Users/kanthi.subramanian/.gradle/caches/modules-2/files-2.1/org.apache.logging.log4j/log4j-to-slf4j/2.10.0/f7e631ccf49cfc0aefa4a2a728da7d374c05bd3c/log4j-to-slf4j-2.10.0.jar:/Users/kanthi.subramanian/.gradle/caches/modules-2/files-2.1/org.slf4j/jul-to-slf4j/1.7.25/af5364cd6679bfffb114f0dec8a157aaa283b76/jul-to-slf4j-1.7.25.jar:/Users/kanthi.subramanian/.gradle/caches/modules-2/files-2.1/org.slf4j/slf4j-api/1.7.25/da76ca59f6a57ee3102f8f9bd9cee742973efa8a/slf4j-api-1.7.25.jar:/Users/kanthi.subramanian/.gradle/caches/modules-2/files-2.1/net.minidev/json-smart/2.3/7396407491352ce4fa30de92efb158adb76b5b/json-smart-2.3.jar:/Users/kanthi.subramanian/.gradle/caches/modules-2/files-2.1/net.bytebuddy/byte-buddy/1.7.11/f02857a4e2c66ccbe7aaad6100a0a6c461bce9b3/byte-buddy-1.7.11.jar:/Users/kanthi.subramanian/.gradle/caches/modules-2/files-2.1/net.bytebuddy/byte-buddy-agent/1.7.11/b425a8933ca07edd03c6dbc8bc3b595fba9780de/byte-buddy-agent-1.7.11.jar:/Users/kanthi.subramanian/.gradle/caches/modules-2/files-2.1/org.objenesis/objenesis/2.6/639033469776fd37c08358c6b92a4761feb2af4b/objenesis-2.6.jar:/Users/kanthi.subramanian/.gradle/caches/modules-2/files-2.1/com.vaadin.external.google/android-json/0.0.20131108.vaadin1/fa26d351fe62a6a17f5cda1287c1c6110dec413f/android-json-0.0.20131108.vaadin1.jar:/Users/kanthi.subramanian/.gradle/caches/modules-2/files-2.1/org.springframework/spring-jcl/5.0.8.RELEASE/a1fa8fb560fb252321776e16bc9ac8201af4ef5e/spring-jcl-5.0.8.RELEASE.jar:/Users/kanthi.subramanian/.gradle/caches/modules-2/files-2.1/org.reactivestreams/reactive-streams/1.0.2/323964c36556eb0e6209f65c1cef72b53b461ab8/reactive-streams-1.0.2.jar:/Users/kanthi.subramanian/.gradle/caches/modules-2/files-2.1/com.fasterxml.jackson.core/jackson-annotations/2.9.0/7c10d545325e3a6e72e06381afe469fd40eb701/jackson-annotations-2.9.0.jar:/Users/kanthi.subramanian/.gradle/caches/modules-2/files-2.1/com.fasterxml.jackson.core/jackson-core/2.9.6/4e393793c37c77e042ccc7be5a914ae39251b365/jackson-core-2.9.6.jar:/Users/kanthi.subramanian/.gradle/caches/modules-2/files-2.1/io.netty/netty-handler-proxy/4.1.27.Final/1a822ce7760bc6eb4937b7e448c9e081fedcc807/netty-handler-proxy-4.1.27.Final.jar:/Users/kanthi.subramanian/.gradle/caches/modules-2/files-2.1/io.netty/netty-codec-http/4.1.27.Final/a1722d6bcbbef1c4c7877e8bf38b07a3db5ed07f/netty-codec-http-4.1.27.Final.jar:/Users/kanthi.subramanian/.gradle/caches/modules-2/files-2.1/io.netty/netty-handler/4.1.27.Final/21bd9cf565390a8d72579b8664303e3c175dfc6a/netty-handler-4.1.27.Final.jar:/Users/kanthi.subramanian/.gradle/caches/modules-2/files-2.1/io.netty/netty-transport-native-epoll/4.1.27.Final/8c3a61a7dd53eafe2f0fe31356f1379598f74517/netty-transport-native-epoll-4.1.27.Final-linux-x86_64.jar:/Users/kanthi.subramanian/.gradle/caches/modules-2/files-2.1/net.minidev/accessors-smart/1.2/c592b500269bfde36096641b01238a8350f8aa31/accessors-smart-1.2.jar:/Users/kanthi.subramanian/.gradle/caches/modules-2/files-2.1/ch.qos.logback/logback-core/1.2.3/864344400c3d4d92dfeb0a305dc87d953677c03c/logback-core-1.2.3.jar:/Users/kanthi.subramanian/.gradle/caches/modules-2/files-2.1/org.apache.logging.log4j/log4j-api/2.10.0/fec5797a55b786184a537abd39c3fa1449d752d6/log4j-api-2.10.0.jar:/Users/kanthi.subramanian/.gradle/caches/modules-2/files-2.1/io.netty/netty-codec-socks/4.1.27.Final/285b09af98764cf02e4b77b3d95af188469a7133/netty-codec-socks-4.1.27.Final.jar:/Users/kanthi.subramanian/.gradle/caches/modules-2/files-2.1/io.netty/netty-codec/4.1.27.Final/d2653d78ebaa650064768fb26b10051f5c8efb2c/netty-codec-4.1.27.Final.jar:/Users/kanthi.subramanian/.gradle/caches/modules-2/files-2.1/io.netty/netty-transport-native-unix-common/4.1.27.Final/2b0667fe5c1df78c6cfbf9d53ad8b1fb533fb8e8/netty-transport-native-unix-common-4.1.27.Final.jar:/Users/kanthi.subramanian/.gradle/caches/modules-2/files-2.1/io.netty/netty-transport/4.1.27.Final/b5c2da3ea89dd67320925f1504c9eb3615241b7c/netty-transport-4.1.27.Final.jar:/Users/kanthi.subramanian/.gradle/caches/modules-2/files-2.1/io.netty/netty-buffer/4.1.27.Final/aafe2b9fb0d8f3b200cf10b9fd6486c6a722d7a1/netty-buffer-4.1.27.Final.jar:/Users/kanthi.subramanian/.gradle/caches/modules-2/files-2.1/io.netty/netty-resolver/4.1.27.Final/2536447ef9605ccb2b5203aa22392c6514484ea9/netty-resolver-4.1.27.Final.jar:/Users/kanthi.subramanian/.gradle/caches/modules-2/files-2.1/io.netty/netty-common/4.1.27.Final/6a12a969c27fb37b230c4bde5a67bd822fa6b7a4/netty-common-4.1.27.Final.jar:/Users/kanthi.subramanian/.gradle/caches/modules-2/files-2.1/org.ow2.asm/asm/5.0.4/da08b8cce7bbf903602a25a3a163ae252435795/asm-5.0.4.jar, java.vm.vendor="Oracle Corporation", sun.arch.data.model=64, user.variant=, java.vendor.url=http://java.oracle.com/, user.timezone=America/Toronto, os.name=Mac OS X, java.vm.specification.version=10, user.country=CA, sun.java.launcher=SUN_STANDARD, sun.boot.library.path=/Library/Java/JavaVirtualMachines/jdk-10.0.2.jdk/Contents/Home/lib, sun.java.command=worker.org.gradle.process.internal.worker.GradleWorkerMain 'Gradle Test Executor 1', http.nonProxyHosts=local|*.local|169.254/16|*.169.254/16, jdk.debug=release, sun.cpu.endian=little, user.home=/Users/kanthi.subramanian, user.language=en, java.specification.vendor=Oracle Corporation, org.gradle.native=false, java.version.date=2018-07-17, java.home=/Library/Java/JavaVirtualMachines/jdk-10.0.2.jdk/Contents/Home, file.separator=/, java.vm.compressedOopsMode=Zero based, line.separator=
, java.specification.name=Java Platform API Specification, java.vm.specification.vendor=Oracle Corporation, java.awt.graphicsenv=sun.awt.CGraphicsEnvironment, sun.management.compiler=HotSpot 64-Bit Tiered Compilers, ftp.nonProxyHosts=local|*.local|169.254/16|*.169.254/16, java.runtime.version=10.0.2+13, user.name=kanthi.subramanian, path.separator=:, os.version=10.11.6, java.runtime.name=Java(TM) SE Runtime Environment, file.encoding=UTF-8, java.vm.name=Java HotSpot(TM) 64-Bit Server VM, java.vendor.version=18.3, java.vendor.url.bug=http://bugreport.java.com/bugreport/, java.io.tmpdir=/var/folders/57/r17962md3mv0b4518c4fxwthmz04x4/T/, java.version=10.0.2, user.dir=/Users/kanthi.subramanian/Documents/GITHUB/spring-boot-drools, os.arch=x86_64, java.vm.specification.name=Java Virtual Machine Specification, java.awt.printerjob=sun.lwawt.macosx.CPrinterJob, sun.os.patch.level=unknown, java.library.path=/Users/kanthi.subramanian/Library/Java/Extensions:/Library/Java/Extensions:/Network/Library/Java/Extensions:/System/Library/Java/Extensions:/usr/lib/java:., java.vendor=Oracle Corporation, java.vm.info=mixed mode, java.vm.version=10.0.2+13, sun.io.unicode.encoding=UnicodeBig, java.class.version=54.0, socksNonProxyHosts=local|*.local|169.254/16|*.169.254/16}}, SystemEnvironmentPropertySource@670649368 {name='systemEnvironment', properties={PATH=/usr/local/bin:/usr/bin:/bin:/usr/sbin:/sbin:/usr/local/share/dotnet:/Library/Frameworks/Mono.framework/Versions/Current/Commands, JAVA_MAIN_CLASS_30060=org.gradle.launcher.GradleMain, NO_PROXY=192.168.99.100, DOCKER_HOST=tcp://192.168.99.100:2376, APP_ICON_30060=/usr/local/Cellar/gradle/4.9/libexec/media/gradle.icns, JAVA_HOME=/Library/Java/JavaVirtualMachines/jdk-10.0.2.jdk/Contents/Home, TERM=xterm-256color, LANG=en_CA.UTF-8, DOCKER_MACHINE_NAME=default, DOCKER_CERT_PATH=/Users/kanthi.subramanian/.docker/machine/machines/default, APP_NAME_30060=Gradle, LOGNAME=kanthi.subramanian, XPC_SERVICE_NAME=0, PWD=/Users/kanthi.subramanian/Downloads/spring-drools, TERM_PROGRAM_VERSION=361.2, JAVA_MAIN_CLASS_30075=org.gradle.launcher.daemon.bootstrap.GradleDaemon, SHELL=/bin/bash, TERM_PROGRAM=Apple_Terminal, SECURITYSESSIONID=186a7, OLDPWD=/usr/local/Cellar/gradle/4.9/libexec, USER=kanthi.subramanian, TMPDIR=/var/folders/57/r17962md3mv0b4518c4fxwthmz04x4/T/, SSH_AUTH_SOCK=/private/tmp/com.apple.launchd.yeT60oWRMU/Listeners, DOCKER_TLS_VERIFY=1, XPC_FLAGS=0x0, JAVA_MAIN_CLASS_30665=worker.org.gradle.process.internal.worker.GradleWorkerMain, TERM_SESSION_ID=C68CFE14-C47C-4F2C-8B2A-6E753BD01F56, __CF_USER_TEXT_ENCODING=0x29F013A4:0x0:0x0, Apple_PubSub_Socket_Render=/private/tmp/com.apple.launchd.w0Tz2zSFYK/Render, SHLVL=3, HOME=/Users/kanthi.subramanian}}]
08:02:05.598 [Test worker] DEBUG org.springframework.test.context.support.TestPropertySourceUtils - Adding inlined properties to environment: {spring.jmx.enabled=false, org.springframework.boot.test.context.SpringBootTestContextBootstrapper=true, server.port=-1}
08:02:05.598 [Test worker] DEBUG org.springframework.core.env.StandardEnvironment - Adding PropertySource 'Inlined Test Properties' with highest search precedence

  .   ____          _            __ _ _
 /\\ / ___'_ __ _ _(_)_ __  __ _ \ \ \ \
( ( )\___ | '_ | '_| | '_ \/ _` | \ \ \ \
 \\/  ___)| |_)| | | | | || (_| |  ) ) ) )
  '  |____| .__|_| |_|_| |_\__, | / / / /
 =========|_|==============|___/=/_/_/_/
 :: Spring Boot ::        (v2.0.4.RELEASE)

2018-09-03 08:02:06.090  INFO 30665 --- [    Test worker] c.s.e.s.SpringDroolsApplicationTests     : Starting SpringDroolsApplicationTests on Kanthis-MacBook-Pro.local with PID 30665 (started by kanthi.subramanian in /Users/kanthi.subramanian/Documents/GITHUB/spring-boot-drools)
2018-09-03 08:02:06.092  INFO 30665 --- [    Test worker] c.s.e.s.SpringDroolsApplicationTests     : No active profile set, falling back to default profiles: default
2018-09-03 08:02:06.127  INFO 30665 --- [    Test worker] r.c.GenericReactiveWebApplicationContext : Refreshing org.springframework.boot.web.reactive.context.GenericReactiveWebApplicationContext@3c88ced5: startup date [Mon Sep 03 08:02:06 EDT 2018]; root of context hierarchy
2018-09-03 08:02:07.107  INFO 30665 --- [    Test worker] o.s.w.r.handler.SimpleUrlHandlerMapping  : Mapped URL path [/webjars/**] onto handler of type [class org.springframework.web.reactive.resource.ResourceWebHandler]
2018-09-03 08:02:07.107  INFO 30665 --- [    Test worker] o.s.w.r.handler.SimpleUrlHandlerMapping  : Mapped URL path [/**] onto handler of type [class org.springframework.web.reactive.resource.ResourceWebHandler]
2018-09-03 08:02:07.218  INFO 30665 --- [    Test worker] o.s.w.r.r.m.a.ControllerMethodResolver   : Looking for @ControllerAdvice: org.springframework.boot.web.reactive.context.GenericReactiveWebApplicationContext@3c88ced5: startup date [Mon Sep 03 08:02:06 EDT 2018]; root of context hierarchy
2018-09-03 08:02:07.376  INFO 30665 --- [    Test worker] c.s.e.s.SpringDroolsApplicationTests     : Started SpringDroolsApplicationTests in 1.771 seconds (JVM running for 2.759)
]]></system-out>
  <system-err><![CDATA[]]></system-err>
</testsuite>
